{"C:\\Users\\ridza\\Music\\HACKTIV 8\\PHASE 2\\Individual Project\\Server\\IP-RMT-53-Server\\app.js": {"path":"C:\\Users\\ridza\\Music\\HACKTIV 8\\PHASE 2\\Individual Project\\Server\\IP-RMT-53-Server\\app.js","statementMap":{"0":{"start":{"line":1,"column":0},"end":{"line":3,"column":1}},"1":{"start":{"line":2,"column":2},"end":{"line":2,"column":29}},"2":{"start":{"line":5,"column":16},"end":{"line":5,"column":34}},"3":{"start":{"line":6,"column":13},"end":{"line":6,"column":28}},"4":{"start":{"line":7,"column":12},"end":{"line":7,"column":21}},"5":{"start":{"line":8,"column":15},"end":{"line":8,"column":34}},"6":{"start":{"line":10,"column":0},"end":{"line":15,"column":2}},"7":{"start":{"line":16,"column":0},"end":{"line":16,"column":24}},"8":{"start":{"line":17,"column":0},"end":{"line":17,"column":48}},"9":{"start":{"line":19,"column":0},"end":{"line":19,"column":27}},"10":{"start":{"line":21,"column":0},"end":{"line":21,"column":21}}},"fnMap":{},"branchMap":{"0":{"loc":{"start":{"line":1,"column":0},"end":{"line":3,"column":1}},"type":"if","locations":[{"start":{"line":1,"column":0},"end":{"line":3,"column":1}},{"start":{},"end":{}}],"line":1}},"s":{"0":4,"1":4,"2":4,"3":4,"4":4,"5":4,"6":4,"7":4,"8":4,"9":4,"10":4},"f":{},"b":{"0":[4,0]},"_coverageSchema":"1a1c01bbd47fc00a2c39e90264f33305004495a9","hash":"281be2bea8f9781d2ec0f6bb31118c7353b01169"}
,"C:\\Users\\ridza\\Music\\HACKTIV 8\\PHASE 2\\Individual Project\\Server\\IP-RMT-53-Server\\controllers\\AdventureController.js": {"path":"C:\\Users\\ridza\\Music\\HACKTIV 8\\PHASE 2\\Individual Project\\Server\\IP-RMT-53-Server\\controllers\\AdventureController.js","statementMap":{"0":{"start":{"line":1,"column":32},"end":{"line":1,"column":67}},"1":{"start":{"line":2,"column":41},"end":{"line":2,"column":61}},"2":{"start":{"line":6,"column":27},"end":{"line":6,"column":35}},"3":{"start":{"line":7,"column":4},"end":{"line":42,"column":5}},"4":{"start":{"line":8,"column":24},"end":{"line":12,"column":8}},"5":{"start":{"line":13,"column":22},"end":{"line":13,"column":49}},"6":{"start":{"line":15,"column":24},"end":{"line":21,"column":8}},"7":{"start":{"line":23,"column":26},"end":{"line":23,"column":28}},"8":{"start":{"line":24,"column":6},"end":{"line":36,"column":7}},"9":{"start":{"line":24,"column":19},"end":{"line":24,"column":20}},"10":{"start":{"line":25,"column":8},"end":{"line":35,"column":11}},"11":{"start":{"line":37,"column":6},"end":{"line":37,"column":43}},"12":{"start":{"line":39,"column":6},"end":{"line":39,"column":42}},"13":{"start":{"line":41,"column":6},"end":{"line":41,"column":16}},"14":{"start":{"line":46,"column":0},"end":{"line":46,"column":37}}},"fnMap":{"0":{"name":"(anonymous_0)","decl":{"start":{"line":5,"column":2},"end":{"line":5,"column":3}},"loc":{"start":{"line":5,"column":46},"end":{"line":43,"column":3}},"line":5}},"branchMap":{"0":{"loc":{"start":{"line":29,"column":16},"end":{"line":29,"column":48}},"type":"cond-expr","locations":[{"start":{"line":29,"column":43},"end":{"line":29,"column":44}},{"start":{"line":29,"column":47},"end":{"line":29,"column":48}}],"line":29}},"s":{"0":4,"1":4,"2":0,"3":0,"4":0,"5":0,"6":0,"7":0,"8":0,"9":0,"10":0,"11":0,"12":0,"13":0,"14":4},"f":{"0":0},"b":{"0":[0,0]},"_coverageSchema":"1a1c01bbd47fc00a2c39e90264f33305004495a9","hash":"3cdd420548d2be34969df189dd87062b751c0ef1"}
,"C:\\Users\\ridza\\Music\\HACKTIV 8\\PHASE 2\\Individual Project\\Server\\IP-RMT-53-Server\\controllers\\AuthController.js": {"path":"C:\\Users\\ridza\\Music\\HACKTIV 8\\PHASE 2\\Individual Project\\Server\\IP-RMT-53-Server\\controllers\\AuthController.js","statementMap":{"0":{"start":{"line":1,"column":27},"end":{"line":1,"column":57}},"1":{"start":{"line":2,"column":26},"end":{"line":2,"column":51}},"2":{"start":{"line":3,"column":17},"end":{"line":3,"column":37}},"3":{"start":{"line":7,"column":42},"end":{"line":7,"column":50}},"4":{"start":{"line":8,"column":4},"end":{"line":21,"column":5}},"5":{"start":{"line":9,"column":19},"end":{"line":13,"column":8}},"6":{"start":{"line":15,"column":34},"end":{"line":15,"column":51}},"7":{"start":{"line":16,"column":6},"end":{"line":16,"column":42}},"8":{"start":{"line":18,"column":6},"end":{"line":18,"column":48}},"9":{"start":{"line":20,"column":6},"end":{"line":20,"column":16}},"10":{"start":{"line":25,"column":32},"end":{"line":25,"column":40}},"11":{"start":{"line":26,"column":4},"end":{"line":42,"column":5}},"12":{"start":{"line":27,"column":6},"end":{"line":28,"column":74}},"13":{"start":{"line":28,"column":8},"end":{"line":28,"column":74}},"14":{"start":{"line":29,"column":6},"end":{"line":30,"column":77}},"15":{"start":{"line":30,"column":8},"end":{"line":30,"column":77}},"16":{"start":{"line":32,"column":19},"end":{"line":32,"column":59}},"17":{"start":{"line":34,"column":6},"end":{"line":35,"column":39}},"18":{"start":{"line":35,"column":8},"end":{"line":35,"column":39}},"19":{"start":{"line":37,"column":27},"end":{"line":37,"column":46}},"20":{"start":{"line":39,"column":6},"end":{"line":39,"column":58}},"21":{"start":{"line":41,"column":6},"end":{"line":41,"column":16}},"22":{"start":{"line":46,"column":0},"end":{"line":46,"column":32}}},"fnMap":{"0":{"name":"(anonymous_0)","decl":{"start":{"line":6,"column":2},"end":{"line":6,"column":3}},"loc":{"start":{"line":6,"column":40},"end":{"line":22,"column":3}},"line":6},"1":{"name":"(anonymous_1)","decl":{"start":{"line":24,"column":2},"end":{"line":24,"column":3}},"loc":{"start":{"line":24,"column":37},"end":{"line":43,"column":3}},"line":24}},"branchMap":{"0":{"loc":{"start":{"line":27,"column":6},"end":{"line":28,"column":74}},"type":"if","locations":[{"start":{"line":27,"column":6},"end":{"line":28,"column":74}},{"start":{},"end":{}}],"line":27},"1":{"loc":{"start":{"line":29,"column":6},"end":{"line":30,"column":77}},"type":"if","locations":[{"start":{"line":29,"column":6},"end":{"line":30,"column":77}},{"start":{},"end":{}}],"line":29},"2":{"loc":{"start":{"line":34,"column":6},"end":{"line":35,"column":39}},"type":"if","locations":[{"start":{"line":34,"column":6},"end":{"line":35,"column":39}},{"start":{},"end":{}}],"line":34},"3":{"loc":{"start":{"line":34,"column":10},"end":{"line":34,"column":59}},"type":"binary-expr","locations":[{"start":{"line":34,"column":10},"end":{"line":34,"column":15}},{"start":{"line":34,"column":19},"end":{"line":34,"column":59}}],"line":34}},"s":{"0":4,"1":4,"2":4,"3":2,"4":2,"5":2,"6":1,"7":1,"8":1,"9":1,"10":7,"11":7,"12":7,"13":1,"14":6,"15":1,"16":5,"17":5,"18":1,"19":4,"20":4,"21":3,"22":4},"f":{"0":2,"1":7},"b":{"0":[1,6],"1":[1,5],"2":[1,4],"3":[5,5]},"_coverageSchema":"1a1c01bbd47fc00a2c39e90264f33305004495a9","hash":"1cecbca6769a3a1039e9e2d8c6af66e754eec224"}
,"C:\\Users\\ridza\\Music\\HACKTIV 8\\PHASE 2\\Individual Project\\Server\\IP-RMT-53-Server\\controllers\\BattleController.js": {"path":"C:\\Users\\ridza\\Music\\HACKTIV 8\\PHASE 2\\Individual Project\\Server\\IP-RMT-53-Server\\controllers\\BattleController.js","statementMap":{"0":{"start":{"line":1,"column":27},"end":{"line":1,"column":60}},"1":{"start":{"line":2,"column":30},"end":{"line":2,"column":50}},"2":{"start":{"line":5,"column":43},"end":{"line":5,"column":51}},"3":{"start":{"line":6,"column":4},"end":{"line":21,"column":5}},"4":{"start":{"line":7,"column":20},"end":{"line":7,"column":42}},"5":{"start":{"line":9,"column":21},"end":{"line":16,"column":8}},"6":{"start":{"line":18,"column":6},"end":{"line":18,"column":35}},"7":{"start":{"line":20,"column":6},"end":{"line":20,"column":16}},"8":{"start":{"line":25,"column":4},"end":{"line":37,"column":5}},"9":{"start":{"line":26,"column":21},"end":{"line":26,"column":63}},"10":{"start":{"line":28,"column":6},"end":{"line":32,"column":10}},"11":{"start":{"line":29,"column":8},"end":{"line":32,"column":10}},"12":{"start":{"line":34,"column":6},"end":{"line":34,"column":35}},"13":{"start":{"line":36,"column":6},"end":{"line":36,"column":16}},"14":{"start":{"line":41,"column":23},"end":{"line":41,"column":31}},"15":{"start":{"line":42,"column":4},"end":{"line":58,"column":5}},"16":{"start":{"line":43,"column":21},"end":{"line":43,"column":63}},"17":{"start":{"line":45,"column":6},"end":{"line":49,"column":10}},"18":{"start":{"line":46,"column":8},"end":{"line":49,"column":10}},"19":{"start":{"line":51,"column":6},"end":{"line":53,"column":9}},"20":{"start":{"line":55,"column":6},"end":{"line":55,"column":35}},"21":{"start":{"line":57,"column":6},"end":{"line":57,"column":16}},"22":{"start":{"line":62,"column":0},"end":{"line":62,"column":34}}},"fnMap":{"0":{"name":"(anonymous_0)","decl":{"start":{"line":4,"column":2},"end":{"line":4,"column":3}},"loc":{"start":{"line":4,"column":46},"end":{"line":22,"column":3}},"line":4},"1":{"name":"(anonymous_1)","decl":{"start":{"line":24,"column":2},"end":{"line":24,"column":3}},"loc":{"start":{"line":24,"column":45},"end":{"line":38,"column":3}},"line":24},"2":{"name":"(anonymous_2)","decl":{"start":{"line":40,"column":2},"end":{"line":40,"column":3}},"loc":{"start":{"line":40,"column":50},"end":{"line":59,"column":3}},"line":40}},"branchMap":{"0":{"loc":{"start":{"line":28,"column":6},"end":{"line":32,"column":10}},"type":"if","locations":[{"start":{"line":28,"column":6},"end":{"line":32,"column":10}},{"start":{},"end":{}}],"line":28},"1":{"loc":{"start":{"line":45,"column":6},"end":{"line":49,"column":10}},"type":"if","locations":[{"start":{"line":45,"column":6},"end":{"line":49,"column":10}},{"start":{},"end":{}}],"line":45}},"s":{"0":4,"1":4,"2":2,"3":2,"4":2,"5":2,"6":1,"7":1,"8":2,"9":2,"10":2,"11":1,"12":1,"13":1,"14":2,"15":2,"16":2,"17":2,"18":1,"19":1,"20":1,"21":1,"22":4},"f":{"0":2,"1":2,"2":2},"b":{"0":[1,1],"1":[1,1]},"_coverageSchema":"1a1c01bbd47fc00a2c39e90264f33305004495a9","hash":"33ce9a06d4e8bec1dbd4699227d9714f76c82295"}
,"C:\\Users\\ridza\\Music\\HACKTIV 8\\PHASE 2\\Individual Project\\Server\\IP-RMT-53-Server\\controllers\\CharacterController.js": {"path":"C:\\Users\\ridza\\Music\\HACKTIV 8\\PHASE 2\\Individual Project\\Server\\IP-RMT-53-Server\\controllers\\CharacterController.js","statementMap":{"0":{"start":{"line":1,"column":40},"end":{"line":1,"column":60}},"1":{"start":{"line":2,"column":30},"end":{"line":2,"column":70}},"2":{"start":{"line":3,"column":31},"end":{"line":3,"column":66}},"3":{"start":{"line":7,"column":4},"end":{"line":13,"column":5}},"4":{"start":{"line":8,"column":25},"end":{"line":8,"column":50}},"5":{"start":{"line":10,"column":6},"end":{"line":10,"column":39}},"6":{"start":{"line":12,"column":6},"end":{"line":12,"column":16}},"7":{"start":{"line":17,"column":4},"end":{"line":27,"column":5}},"8":{"start":{"line":18,"column":24},"end":{"line":22,"column":8}},"9":{"start":{"line":24,"column":6},"end":{"line":24,"column":38}},"10":{"start":{"line":26,"column":6},"end":{"line":26,"column":16}},"11":{"start":{"line":31,"column":43},"end":{"line":31,"column":51}},"12":{"start":{"line":32,"column":4},"end":{"line":54,"column":5}},"13":{"start":{"line":33,"column":19},"end":{"line":33,"column":46}},"14":{"start":{"line":34,"column":25},"end":{"line":34,"column":64}},"15":{"start":{"line":35,"column":24},"end":{"line":39,"column":7}},"16":{"start":{"line":40,"column":21},"end":{"line":40,"column":47}},"17":{"start":{"line":42,"column":24},"end":{"line":49,"column":8}},"18":{"start":{"line":51,"column":6},"end":{"line":51,"column":38}},"19":{"start":{"line":53,"column":6},"end":{"line":53,"column":16}},"20":{"start":{"line":58,"column":4},"end":{"line":74,"column":5}},"21":{"start":{"line":59,"column":24},"end":{"line":59,"column":63}},"22":{"start":{"line":60,"column":6},"end":{"line":64,"column":10}},"23":{"start":{"line":61,"column":8},"end":{"line":64,"column":10}},"24":{"start":{"line":66,"column":6},"end":{"line":66,"column":32}},"25":{"start":{"line":68,"column":6},"end":{"line":71,"column":9}},"26":{"start":{"line":73,"column":6},"end":{"line":73,"column":16}},"27":{"start":{"line":78,"column":0},"end":{"line":78,"column":37}}},"fnMap":{"0":{"name":"(anonymous_0)","decl":{"start":{"line":6,"column":2},"end":{"line":6,"column":3}},"loc":{"start":{"line":6,"column":45},"end":{"line":14,"column":3}},"line":6},"1":{"name":"(anonymous_1)","decl":{"start":{"line":16,"column":2},"end":{"line":16,"column":3}},"loc":{"start":{"line":16,"column":48},"end":{"line":28,"column":3}},"line":16},"2":{"name":"(anonymous_2)","decl":{"start":{"line":30,"column":2},"end":{"line":30,"column":3}},"loc":{"start":{"line":30,"column":47},"end":{"line":55,"column":3}},"line":30},"3":{"name":"(anonymous_3)","decl":{"start":{"line":57,"column":2},"end":{"line":57,"column":3}},"loc":{"start":{"line":57,"column":47},"end":{"line":75,"column":3}},"line":57}},"branchMap":{"0":{"loc":{"start":{"line":60,"column":6},"end":{"line":64,"column":10}},"type":"if","locations":[{"start":{"line":60,"column":6},"end":{"line":64,"column":10}},{"start":{},"end":{}}],"line":60}},"s":{"0":4,"1":4,"2":4,"3":1,"4":1,"5":1,"6":0,"7":1,"8":1,"9":1,"10":0,"11":2,"12":2,"13":2,"14":2,"15":2,"16":2,"17":2,"18":1,"19":1,"20":2,"21":2,"22":2,"23":1,"24":1,"25":1,"26":1,"27":4},"f":{"0":1,"1":1,"2":2,"3":2},"b":{"0":[1,1]},"_coverageSchema":"1a1c01bbd47fc00a2c39e90264f33305004495a9","hash":"9f60d9646bdd1b8280f0e14093ae87c8637bc5f3"}
,"C:\\Users\\ridza\\Music\\HACKTIV 8\\PHASE 2\\Individual Project\\Server\\IP-RMT-53-Server\\controllers\\ResourceController.js": {"path":"C:\\Users\\ridza\\Music\\HACKTIV 8\\PHASE 2\\Individual Project\\Server\\IP-RMT-53-Server\\controllers\\ResourceController.js","statementMap":{"0":{"start":{"line":1,"column":29},"end":{"line":1,"column":49}},"1":{"start":{"line":5,"column":4},"end":{"line":11,"column":5}},"2":{"start":{"line":6,"column":20},"end":{"line":6,"column":40}},"3":{"start":{"line":8,"column":6},"end":{"line":8,"column":34}},"4":{"start":{"line":10,"column":6},"end":{"line":10,"column":16}},"5":{"start":{"line":15,"column":4},"end":{"line":21,"column":5}},"6":{"start":{"line":16,"column":25},"end":{"line":16,"column":51}},"7":{"start":{"line":18,"column":6},"end":{"line":18,"column":39}},"8":{"start":{"line":20,"column":6},"end":{"line":20,"column":16}},"9":{"start":{"line":25,"column":0},"end":{"line":25,"column":36}}},"fnMap":{"0":{"name":"(anonymous_0)","decl":{"start":{"line":4,"column":2},"end":{"line":4,"column":3}},"loc":{"start":{"line":4,"column":40},"end":{"line":12,"column":3}},"line":4},"1":{"name":"(anonymous_1)","decl":{"start":{"line":14,"column":2},"end":{"line":14,"column":3}},"loc":{"start":{"line":14,"column":45},"end":{"line":22,"column":3}},"line":14}},"branchMap":{},"s":{"0":4,"1":2,"2":2,"3":2,"4":0,"5":2,"6":2,"7":2,"8":0,"9":4},"f":{"0":2,"1":2},"b":{},"_coverageSchema":"1a1c01bbd47fc00a2c39e90264f33305004495a9","hash":"ea604be8f70519ec179ab41da482f62cf34817b7"}
,"C:\\Users\\ridza\\Music\\HACKTIV 8\\PHASE 2\\Individual Project\\Server\\IP-RMT-53-Server\\helpers\\axios.js": {"path":"C:\\Users\\ridza\\Music\\HACKTIV 8\\PHASE 2\\Individual Project\\Server\\IP-RMT-53-Server\\helpers\\axios.js","statementMap":{"0":{"start":{"line":1,"column":14},"end":{"line":1,"column":30}},"1":{"start":{"line":3,"column":0},"end":{"line":5,"column":3}}},"fnMap":{},"branchMap":{},"s":{"0":4,"1":4},"f":{},"b":{},"_coverageSchema":"1a1c01bbd47fc00a2c39e90264f33305004495a9","hash":"31df2da8bc2def4ffc43d7e5d30a695e24b181e0"}
,"C:\\Users\\ridza\\Music\\HACKTIV 8\\PHASE 2\\Individual Project\\Server\\IP-RMT-53-Server\\helpers\\backstoryGenerator.js": {"path":"C:\\Users\\ridza\\Music\\HACKTIV 8\\PHASE 2\\Individual Project\\Server\\IP-RMT-53-Server\\helpers\\backstoryGenerator.js","statementMap":{"0":{"start":{"line":1,"column":31},"end":{"line":1,"column":63}},"1":{"start":{"line":5,"column":16},"end":{"line":5,"column":66}},"2":{"start":{"line":6,"column":16},"end":{"line":6,"column":71}},"3":{"start":{"line":8,"column":17},"end":{"line":8,"column":1034}},"4":{"start":{"line":10,"column":17},"end":{"line":10,"column":52}},"5":{"start":{"line":12,"column":2},"end":{"line":12,"column":32}},"6":{"start":{"line":15,"column":0},"end":{"line":15,"column":39}}},"fnMap":{"0":{"name":"generateBackstory","decl":{"start":{"line":3,"column":15},"end":{"line":3,"column":32}},"loc":{"start":{"line":3,"column":57},"end":{"line":13,"column":1}},"line":3}},"branchMap":{},"s":{"0":4,"1":2,"2":2,"3":2,"4":2,"5":2,"6":4},"f":{"0":2},"b":{},"_coverageSchema":"1a1c01bbd47fc00a2c39e90264f33305004495a9","hash":"09a9e0da2cc25057be81f559779225748301ca38"}
,"C:\\Users\\ridza\\Music\\HACKTIV 8\\PHASE 2\\Individual Project\\Server\\IP-RMT-53-Server\\helpers\\bcryptjs.js": {"path":"C:\\Users\\ridza\\Music\\HACKTIV 8\\PHASE 2\\Individual Project\\Server\\IP-RMT-53-Server\\helpers\\bcryptjs.js","statementMap":{"0":{"start":{"line":1,"column":17},"end":{"line":1,"column":36}},"1":{"start":{"line":3,"column":0},"end":{"line":5,"column":2}},"2":{"start":{"line":4,"column":2},"end":{"line":4,"column":40}},"3":{"start":{"line":7,"column":0},"end":{"line":9,"column":2}},"4":{"start":{"line":8,"column":2},"end":{"line":8,"column":48}}},"fnMap":{"0":{"name":"(anonymous_0)","decl":{"start":{"line":3,"column":20},"end":{"line":3,"column":21}},"loc":{"start":{"line":3,"column":40},"end":{"line":5,"column":1}},"line":3},"1":{"name":"(anonymous_1)","decl":{"start":{"line":7,"column":25},"end":{"line":7,"column":26}},"loc":{"start":{"line":7,"column":53},"end":{"line":9,"column":1}},"line":7}},"branchMap":{},"s":{"0":4,"1":4,"2":5,"3":4,"4":5},"f":{"0":5,"1":5},"b":{},"_coverageSchema":"1a1c01bbd47fc00a2c39e90264f33305004495a9","hash":"1ad779bf279e76a0ee374c6f042c1c934e59335b"}
,"C:\\Users\\ridza\\Music\\HACKTIV 8\\PHASE 2\\Individual Project\\Server\\IP-RMT-53-Server\\helpers\\enemyAssigner.js": {"path":"C:\\Users\\ridza\\Music\\HACKTIV 8\\PHASE 2\\Individual Project\\Server\\IP-RMT-53-Server\\helpers\\enemyAssigner.js","statementMap":{"0":{"start":{"line":1,"column":18},"end":{"line":1,"column":38}},"1":{"start":{"line":3,"column":28},"end":{"line":33,"column":1}},"2":{"start":{"line":4,"column":2},"end":{"line":32,"column":3}},"3":{"start":{"line":5,"column":23},"end":{"line":9,"column":6}},"4":{"start":{"line":11,"column":24},"end":{"line":15,"column":6}},"5":{"start":{"line":17,"column":26},"end":{"line":17,"column":28}},"6":{"start":{"line":18,"column":4},"end":{"line":22,"column":5}},"7":{"start":{"line":18,"column":17},"end":{"line":18,"column":18}},"8":{"start":{"line":19,"column":26},"end":{"line":19,"column":71}},"9":{"start":{"line":20,"column":6},"end":{"line":20,"column":50}},"10":{"start":{"line":21,"column":6},"end":{"line":21,"column":40}},"11":{"start":{"line":24,"column":4},"end":{"line":27,"column":5}},"12":{"start":{"line":24,"column":17},"end":{"line":24,"column":18}},"13":{"start":{"line":25,"column":26},"end":{"line":25,"column":72}},"14":{"start":{"line":26,"column":6},"end":{"line":26,"column":51}},"15":{"start":{"line":29,"column":4},"end":{"line":29,"column":25}},"16":{"start":{"line":31,"column":4},"end":{"line":31,"column":14}},"17":{"start":{"line":35,"column":0},"end":{"line":35,"column":41}}},"fnMap":{"0":{"name":"(anonymous_0)","decl":{"start":{"line":3,"column":28},"end":{"line":3,"column":29}},"loc":{"start":{"line":3,"column":40},"end":{"line":33,"column":1}},"line":3}},"branchMap":{},"s":{"0":4,"1":4,"2":0,"3":0,"4":0,"5":0,"6":0,"7":0,"8":0,"9":0,"10":0,"11":0,"12":0,"13":0,"14":0,"15":0,"16":0,"17":4},"f":{"0":0},"b":{},"_coverageSchema":"1a1c01bbd47fc00a2c39e90264f33305004495a9","hash":"d0e8ac6841f9fa939c4543901ef744c8b488fd4a"}
,"C:\\Users\\ridza\\Music\\HACKTIV 8\\PHASE 2\\Individual Project\\Server\\IP-RMT-53-Server\\helpers\\jwt.js": {"path":"C:\\Users\\ridza\\Music\\HACKTIV 8\\PHASE 2\\Individual Project\\Server\\IP-RMT-53-Server\\helpers\\jwt.js","statementMap":{"0":{"start":{"line":1,"column":12},"end":{"line":1,"column":35}},"1":{"start":{"line":2,"column":18},"end":{"line":2,"column":40}},"2":{"start":{"line":4,"column":0},"end":{"line":6,"column":2}},"3":{"start":{"line":5,"column":2},"end":{"line":5,"column":44}},"4":{"start":{"line":8,"column":0},"end":{"line":10,"column":2}},"5":{"start":{"line":9,"column":2},"end":{"line":9,"column":38}}},"fnMap":{"0":{"name":"(anonymous_0)","decl":{"start":{"line":4,"column":24},"end":{"line":4,"column":25}},"loc":{"start":{"line":4,"column":49},"end":{"line":6,"column":1}},"line":4},"1":{"name":"(anonymous_1)","decl":{"start":{"line":8,"column":22},"end":{"line":8,"column":23}},"loc":{"start":{"line":8,"column":39},"end":{"line":10,"column":1}},"line":8}},"branchMap":{},"s":{"0":4,"1":4,"2":4,"3":4,"4":4,"5":16},"f":{"0":4,"1":16},"b":{},"_coverageSchema":"1a1c01bbd47fc00a2c39e90264f33305004495a9","hash":"8e3030d17a4e442dc9b6c9ef4bf97183ef3ece52"}
,"C:\\Users\\ridza\\Music\\HACKTIV 8\\PHASE 2\\Individual Project\\Server\\IP-RMT-53-Server\\helpers\\mobAssigner.js": {"path":"C:\\Users\\ridza\\Music\\HACKTIV 8\\PHASE 2\\Individual Project\\Server\\IP-RMT-53-Server\\helpers\\mobAssigner.js","statementMap":{"0":{"start":{"line":1,"column":18},"end":{"line":1,"column":38}},"1":{"start":{"line":3,"column":23},"end":{"line":21,"column":1}},"2":{"start":{"line":4,"column":2},"end":{"line":20,"column":3}},"3":{"start":{"line":5,"column":23},"end":{"line":9,"column":6}},"4":{"start":{"line":11,"column":24},"end":{"line":11,"column":26}},"5":{"start":{"line":12,"column":4},"end":{"line":15,"column":5}},"6":{"start":{"line":12,"column":17},"end":{"line":12,"column":18}},"7":{"start":{"line":13,"column":26},"end":{"line":13,"column":71}},"8":{"start":{"line":14,"column":6},"end":{"line":14,"column":48}},"9":{"start":{"line":17,"column":4},"end":{"line":17,"column":26}},"10":{"start":{"line":19,"column":4},"end":{"line":19,"column":14}},"11":{"start":{"line":23,"column":0},"end":{"line":23,"column":36}}},"fnMap":{"0":{"name":"(anonymous_0)","decl":{"start":{"line":3,"column":23},"end":{"line":3,"column":24}},"loc":{"start":{"line":3,"column":35},"end":{"line":21,"column":1}},"line":3}},"branchMap":{},"s":{"0":4,"1":4,"2":2,"3":2,"4":2,"5":2,"6":2,"7":2,"8":2,"9":2,"10":0,"11":4},"f":{"0":2},"b":{},"_coverageSchema":"1a1c01bbd47fc00a2c39e90264f33305004495a9","hash":"b779d6b7546fab07579caf59d479b3118f2dbd4c"}
,"C:\\Users\\ridza\\Music\\HACKTIV 8\\PHASE 2\\Individual Project\\Server\\IP-RMT-53-Server\\helpers\\skillAssigner.js": {"path":"C:\\Users\\ridza\\Music\\HACKTIV 8\\PHASE 2\\Individual Project\\Server\\IP-RMT-53-Server\\helpers\\skillAssigner.js","statementMap":{"0":{"start":{"line":1,"column":21},"end":{"line":1,"column":48}},"1":{"start":{"line":2,"column":18},"end":{"line":2,"column":38}},"2":{"start":{"line":3,"column":15},"end":{"line":3,"column":35}},"3":{"start":{"line":7,"column":2},"end":{"line":33,"column":3}},"4":{"start":{"line":9,"column":19},"end":{"line":16,"column":6}},"5":{"start":{"line":21,"column":25},"end":{"line":21,"column":27}},"6":{"start":{"line":22,"column":4},"end":{"line":27,"column":5}},"7":{"start":{"line":22,"column":17},"end":{"line":22,"column":18}},"8":{"start":{"line":23,"column":26},"end":{"line":23,"column":67}},"9":{"start":{"line":24,"column":6},"end":{"line":24,"column":45}},"10":{"start":{"line":26,"column":6},"end":{"line":26,"column":36}},"11":{"start":{"line":29,"column":4},"end":{"line":29,"column":24}},"12":{"start":{"line":31,"column":4},"end":{"line":31,"column":49}},"13":{"start":{"line":32,"column":4},"end":{"line":32,"column":14}},"14":{"start":{"line":36,"column":0},"end":{"line":36,"column":40}}},"fnMap":{"0":{"name":"assignRandomSkills","decl":{"start":{"line":6,"column":15},"end":{"line":6,"column":33}},"loc":{"start":{"line":6,"column":36},"end":{"line":34,"column":1}},"line":6}},"branchMap":{},"s":{"0":4,"1":4,"2":4,"3":2,"4":2,"5":2,"6":2,"7":2,"8":4,"9":4,"10":4,"11":2,"12":0,"13":0,"14":4},"f":{"0":2},"b":{},"_coverageSchema":"1a1c01bbd47fc00a2c39e90264f33305004495a9","hash":"78ce43a4ee06666dadc62fdbf6b7af3c35896c63"}
,"C:\\Users\\ridza\\Music\\HACKTIV 8\\PHASE 2\\Individual Project\\Server\\IP-RMT-53-Server\\middlewares\\authentication.js": {"path":"C:\\Users\\ridza\\Music\\HACKTIV 8\\PHASE 2\\Individual Project\\Server\\IP-RMT-53-Server\\middlewares\\authentication.js","statementMap":{"0":{"start":{"line":1,"column":17},"end":{"line":1,"column":37}},"1":{"start":{"line":2,"column":24},"end":{"line":2,"column":49}},"2":{"start":{"line":4,"column":0},"end":{"line":30,"column":2}},"3":{"start":{"line":5,"column":2},"end":{"line":29,"column":3}},"4":{"start":{"line":7,"column":25},"end":{"line":7,"column":50}},"5":{"start":{"line":10,"column":4},"end":{"line":10,"column":58}},"6":{"start":{"line":10,"column":23},"end":{"line":10,"column":58}},"7":{"start":{"line":13,"column":28},"end":{"line":13,"column":51}},"8":{"start":{"line":16,"column":4},"end":{"line":16,"column":64}},"9":{"start":{"line":16,"column":29},"end":{"line":16,"column":64}},"10":{"start":{"line":19,"column":20},"end":{"line":19,"column":38}},"11":{"start":{"line":20,"column":17},"end":{"line":20,"column":48}},"12":{"start":{"line":21,"column":4},"end":{"line":21,"column":50}},"13":{"start":{"line":21,"column":15},"end":{"line":21,"column":50}},"14":{"start":{"line":24,"column":4},"end":{"line":24,"column":31}},"15":{"start":{"line":26,"column":4},"end":{"line":26,"column":11}},"16":{"start":{"line":28,"column":4},"end":{"line":28,"column":14}}},"fnMap":{"0":{"name":"(anonymous_0)","decl":{"start":{"line":4,"column":25},"end":{"line":4,"column":26}},"loc":{"start":{"line":4,"column":57},"end":{"line":30,"column":1}},"line":4}},"branchMap":{"0":{"loc":{"start":{"line":10,"column":4},"end":{"line":10,"column":58}},"type":"if","locations":[{"start":{"line":10,"column":4},"end":{"line":10,"column":58}},{"start":{},"end":{}}],"line":10},"1":{"loc":{"start":{"line":16,"column":4},"end":{"line":16,"column":64}},"type":"if","locations":[{"start":{"line":16,"column":4},"end":{"line":16,"column":64}},{"start":{},"end":{}}],"line":16},"2":{"loc":{"start":{"line":21,"column":4},"end":{"line":21,"column":50}},"type":"if","locations":[{"start":{"line":21,"column":4},"end":{"line":21,"column":50}},{"start":{},"end":{}}],"line":21}},"s":{"0":4,"1":4,"2":4,"3":16,"4":16,"5":16,"6":0,"7":16,"8":16,"9":0,"10":16,"11":16,"12":16,"13":0,"14":16,"15":16,"16":0},"f":{"0":16},"b":{"0":[0,16],"1":[0,16],"2":[0,16]},"_coverageSchema":"1a1c01bbd47fc00a2c39e90264f33305004495a9","hash":"b7b2db893eec4d3514ab66419f464c773eff73eb"}
,"C:\\Users\\ridza\\Music\\HACKTIV 8\\PHASE 2\\Individual Project\\Server\\IP-RMT-53-Server\\middlewares\\errorHandler.js": {"path":"C:\\Users\\ridza\\Music\\HACKTIV 8\\PHASE 2\\Individual Project\\Server\\IP-RMT-53-Server\\middlewares\\errorHandler.js","statementMap":{"0":{"start":{"line":1,"column":0},"end":{"line":61,"column":2}},"1":{"start":{"line":2,"column":15},"end":{"line":2,"column":32}},"2":{"start":{"line":3,"column":16},"end":{"line":3,"column":54}},"3":{"start":{"line":5,"column":2},"end":{"line":10,"column":3}},"4":{"start":{"line":6,"column":4},"end":{"line":9,"column":7}},"5":{"start":{"line":12,"column":2},"end":{"line":17,"column":3}},"6":{"start":{"line":13,"column":4},"end":{"line":16,"column":7}},"7":{"start":{"line":19,"column":2},"end":{"line":27,"column":3}},"8":{"start":{"line":23,"column":4},"end":{"line":26,"column":7}},"9":{"start":{"line":29,"column":2},"end":{"line":34,"column":3}},"10":{"start":{"line":30,"column":4},"end":{"line":33,"column":7}},"11":{"start":{"line":36,"column":2},"end":{"line":41,"column":3}},"12":{"start":{"line":37,"column":4},"end":{"line":40,"column":7}},"13":{"start":{"line":43,"column":2},"end":{"line":48,"column":3}},"14":{"start":{"line":44,"column":4},"end":{"line":47,"column":7}},"15":{"start":{"line":50,"column":2},"end":{"line":55,"column":3}},"16":{"start":{"line":51,"column":4},"end":{"line":54,"column":7}},"17":{"start":{"line":57,"column":2},"end":{"line":60,"column":5}}},"fnMap":{"0":{"name":"(anonymous_0)","decl":{"start":{"line":1,"column":23},"end":{"line":1,"column":24}},"loc":{"start":{"line":1,"column":60},"end":{"line":61,"column":1}},"line":1}},"branchMap":{"0":{"loc":{"start":{"line":2,"column":15},"end":{"line":2,"column":32}},"type":"binary-expr","locations":[{"start":{"line":2,"column":15},"end":{"line":2,"column":25}},{"start":{"line":2,"column":29},"end":{"line":2,"column":32}}],"line":2},"1":{"loc":{"start":{"line":3,"column":16},"end":{"line":3,"column":54}},"type":"binary-expr","locations":[{"start":{"line":3,"column":16},"end":{"line":3,"column":27}},{"start":{"line":3,"column":31},"end":{"line":3,"column":54}}],"line":3},"2":{"loc":{"start":{"line":5,"column":2},"end":{"line":10,"column":3}},"type":"if","locations":[{"start":{"line":5,"column":2},"end":{"line":10,"column":3}},{"start":{},"end":{}}],"line":5},"3":{"loc":{"start":{"line":12,"column":2},"end":{"line":17,"column":3}},"type":"if","locations":[{"start":{"line":12,"column":2},"end":{"line":17,"column":3}},{"start":{},"end":{}}],"line":12},"4":{"loc":{"start":{"line":19,"column":2},"end":{"line":27,"column":3}},"type":"if","locations":[{"start":{"line":19,"column":2},"end":{"line":27,"column":3}},{"start":{},"end":{}}],"line":19},"5":{"loc":{"start":{"line":20,"column":4},"end":{"line":21,"column":48}},"type":"binary-expr","locations":[{"start":{"line":20,"column":4},"end":{"line":20,"column":42}},{"start":{"line":21,"column":4},"end":{"line":21,"column":48}}],"line":20},"6":{"loc":{"start":{"line":29,"column":2},"end":{"line":34,"column":3}},"type":"if","locations":[{"start":{"line":29,"column":2},"end":{"line":34,"column":3}},{"start":{},"end":{}}],"line":29},"7":{"loc":{"start":{"line":29,"column":6},"end":{"line":29,"column":71}},"type":"binary-expr","locations":[{"start":{"line":29,"column":6},"end":{"line":29,"column":36}},{"start":{"line":29,"column":40},"end":{"line":29,"column":71}}],"line":29},"8":{"loc":{"start":{"line":36,"column":2},"end":{"line":41,"column":3}},"type":"if","locations":[{"start":{"line":36,"column":2},"end":{"line":41,"column":3}},{"start":{},"end":{}}],"line":36},"9":{"loc":{"start":{"line":43,"column":2},"end":{"line":48,"column":3}},"type":"if","locations":[{"start":{"line":43,"column":2},"end":{"line":48,"column":3}},{"start":{},"end":{}}],"line":43},"10":{"loc":{"start":{"line":50,"column":2},"end":{"line":55,"column":3}},"type":"if","locations":[{"start":{"line":50,"column":2},"end":{"line":55,"column":3}},{"start":{},"end":{}}],"line":50}},"s":{"0":4,"1":9,"2":9,"3":9,"4":2,"5":7,"6":0,"7":7,"8":3,"9":4,"10":0,"11":4,"12":1,"13":3,"14":0,"15":3,"16":3,"17":0},"f":{"0":9},"b":{"0":[9,9],"1":[9,1],"2":[2,7],"3":[0,7],"4":[3,4],"5":[7,4],"6":[0,4],"7":[4,4],"8":[1,3],"9":[0,3],"10":[3,0]},"_coverageSchema":"1a1c01bbd47fc00a2c39e90264f33305004495a9","hash":"35fc86d703dc2afcad33968753590061739f1989"}
,"C:\\Users\\ridza\\Music\\HACKTIV 8\\PHASE 2\\Individual Project\\Server\\IP-RMT-53-Server\\models\\adventure.js": {"path":"C:\\Users\\ridza\\Music\\HACKTIV 8\\PHASE 2\\Individual Project\\Server\\IP-RMT-53-Server\\models\\adventure.js","statementMap":{"0":{"start":{"line":2,"column":18},"end":{"line":2,"column":38}},"1":{"start":{"line":3,"column":0},"end":{"line":85,"column":2}},"2":{"start":{"line":12,"column":6},"end":{"line":15,"column":9}},"3":{"start":{"line":22,"column":2},"end":{"line":83,"column":4}},"4":{"start":{"line":84,"column":2},"end":{"line":84,"column":19}}},"fnMap":{"0":{"name":"(anonymous_0)","decl":{"start":{"line":3,"column":17},"end":{"line":3,"column":18}},"loc":{"start":{"line":3,"column":43},"end":{"line":85,"column":1}},"line":3},"1":{"name":"(anonymous_1)","decl":{"start":{"line":10,"column":4},"end":{"line":10,"column":5}},"loc":{"start":{"line":10,"column":29},"end":{"line":20,"column":5}},"line":10}},"branchMap":{},"s":{"0":4,"1":4,"2":4,"3":4,"4":4},"f":{"0":4,"1":4},"b":{},"_coverageSchema":"1a1c01bbd47fc00a2c39e90264f33305004495a9","hash":"ecc19831290da7aa609bca48cb08d6a6cc8c866d"}
,"C:\\Users\\ridza\\Music\\HACKTIV 8\\PHASE 2\\Individual Project\\Server\\IP-RMT-53-Server\\models\\battle.js": {"path":"C:\\Users\\ridza\\Music\\HACKTIV 8\\PHASE 2\\Individual Project\\Server\\IP-RMT-53-Server\\models\\battle.js","statementMap":{"0":{"start":{"line":2,"column":18},"end":{"line":2,"column":38}},"1":{"start":{"line":3,"column":0},"end":{"line":104,"column":2}},"2":{"start":{"line":13,"column":6},"end":{"line":16,"column":9}},"3":{"start":{"line":17,"column":6},"end":{"line":20,"column":9}},"4":{"start":{"line":23,"column":2},"end":{"line":102,"column":4}},"5":{"start":{"line":103,"column":2},"end":{"line":103,"column":16}}},"fnMap":{"0":{"name":"(anonymous_0)","decl":{"start":{"line":3,"column":17},"end":{"line":3,"column":18}},"loc":{"start":{"line":3,"column":43},"end":{"line":104,"column":1}},"line":3},"1":{"name":"(anonymous_1)","decl":{"start":{"line":10,"column":4},"end":{"line":10,"column":5}},"loc":{"start":{"line":10,"column":29},"end":{"line":21,"column":5}},"line":10}},"branchMap":{},"s":{"0":4,"1":4,"2":4,"3":4,"4":4,"5":4},"f":{"0":4,"1":4},"b":{},"_coverageSchema":"1a1c01bbd47fc00a2c39e90264f33305004495a9","hash":"436726829cbafafec6fdfe58c9e39c2c7766adcd"}
,"C:\\Users\\ridza\\Music\\HACKTIV 8\\PHASE 2\\Individual Project\\Server\\IP-RMT-53-Server\\models\\character.js": {"path":"C:\\Users\\ridza\\Music\\HACKTIV 8\\PHASE 2\\Individual Project\\Server\\IP-RMT-53-Server\\models\\character.js","statementMap":{"0":{"start":{"line":2,"column":18},"end":{"line":2,"column":38}},"1":{"start":{"line":3,"column":0},"end":{"line":109,"column":2}},"2":{"start":{"line":12,"column":6},"end":{"line":15,"column":9}},"3":{"start":{"line":16,"column":6},"end":{"line":19,"column":9}},"4":{"start":{"line":20,"column":6},"end":{"line":23,"column":9}},"5":{"start":{"line":24,"column":6},"end":{"line":27,"column":9}},"6":{"start":{"line":28,"column":6},"end":{"line":31,"column":9}},"7":{"start":{"line":32,"column":6},"end":{"line":35,"column":9}},"8":{"start":{"line":38,"column":2},"end":{"line":107,"column":4}},"9":{"start":{"line":108,"column":2},"end":{"line":108,"column":19}}},"fnMap":{"0":{"name":"(anonymous_0)","decl":{"start":{"line":3,"column":17},"end":{"line":3,"column":18}},"loc":{"start":{"line":3,"column":43},"end":{"line":109,"column":1}},"line":3},"1":{"name":"(anonymous_1)","decl":{"start":{"line":10,"column":4},"end":{"line":10,"column":5}},"loc":{"start":{"line":10,"column":29},"end":{"line":36,"column":5}},"line":10}},"branchMap":{},"s":{"0":4,"1":4,"2":4,"3":4,"4":4,"5":4,"6":4,"7":4,"8":4,"9":4},"f":{"0":4,"1":4},"b":{},"_coverageSchema":"1a1c01bbd47fc00a2c39e90264f33305004495a9","hash":"bd2d2b578dee435b953d12980fcb7640da33deb5"}
,"C:\\Users\\ridza\\Music\\HACKTIV 8\\PHASE 2\\Individual Project\\Server\\IP-RMT-53-Server\\models\\enemy.js": {"path":"C:\\Users\\ridza\\Music\\HACKTIV 8\\PHASE 2\\Individual Project\\Server\\IP-RMT-53-Server\\models\\enemy.js","statementMap":{"0":{"start":{"line":2,"column":18},"end":{"line":2,"column":38}},"1":{"start":{"line":3,"column":0},"end":{"line":63,"column":2}},"2":{"start":{"line":12,"column":6},"end":{"line":15,"column":9}},"3":{"start":{"line":18,"column":2},"end":{"line":61,"column":4}},"4":{"start":{"line":62,"column":2},"end":{"line":62,"column":15}}},"fnMap":{"0":{"name":"(anonymous_0)","decl":{"start":{"line":3,"column":17},"end":{"line":3,"column":18}},"loc":{"start":{"line":3,"column":43},"end":{"line":63,"column":1}},"line":3},"1":{"name":"(anonymous_1)","decl":{"start":{"line":10,"column":4},"end":{"line":10,"column":5}},"loc":{"start":{"line":10,"column":29},"end":{"line":16,"column":5}},"line":10}},"branchMap":{},"s":{"0":4,"1":4,"2":4,"3":4,"4":4},"f":{"0":4,"1":4},"b":{},"_coverageSchema":"1a1c01bbd47fc00a2c39e90264f33305004495a9","hash":"03cae8cf94081be6db47f865bc3637f21ba38e97"}
,"C:\\Users\\ridza\\Music\\HACKTIV 8\\PHASE 2\\Individual Project\\Server\\IP-RMT-53-Server\\models\\index.js": {"path":"C:\\Users\\ridza\\Music\\HACKTIV 8\\PHASE 2\\Individual Project\\Server\\IP-RMT-53-Server\\models\\index.js","statementMap":{"0":{"start":{"line":3,"column":11},"end":{"line":3,"column":24}},"1":{"start":{"line":4,"column":13},"end":{"line":4,"column":28}},"2":{"start":{"line":5,"column":18},"end":{"line":5,"column":38}},"3":{"start":{"line":6,"column":16},"end":{"line":6,"column":34}},"4":{"start":{"line":7,"column":17},"end":{"line":7,"column":42}},"5":{"start":{"line":8,"column":12},"end":{"line":8,"column":49}},"6":{"start":{"line":9,"column":15},"end":{"line":9,"column":65}},"7":{"start":{"line":10,"column":11},"end":{"line":10,"column":13}},"8":{"start":{"line":13,"column":0},"end":{"line":17,"column":1}},"9":{"start":{"line":14,"column":2},"end":{"line":14,"column":74}},"10":{"start":{"line":16,"column":2},"end":{"line":16,"column":87}},"11":{"start":{"line":19,"column":0},"end":{"line":32,"column":5}},"12":{"start":{"line":22,"column":4},"end":{"line":27,"column":6}},"13":{"start":{"line":30,"column":18},"end":{"line":30,"column":85}},"14":{"start":{"line":31,"column":4},"end":{"line":31,"column":27}},"15":{"start":{"line":34,"column":0},"end":{"line":38,"column":3}},"16":{"start":{"line":35,"column":2},"end":{"line":37,"column":3}},"17":{"start":{"line":36,"column":4},"end":{"line":36,"column":32}},"18":{"start":{"line":40,"column":0},"end":{"line":40,"column":25}},"19":{"start":{"line":41,"column":0},"end":{"line":41,"column":25}},"20":{"start":{"line":43,"column":0},"end":{"line":43,"column":20}}},"fnMap":{"0":{"name":"(anonymous_0)","decl":{"start":{"line":21,"column":10},"end":{"line":21,"column":11}},"loc":{"start":{"line":21,"column":18},"end":{"line":28,"column":3}},"line":21},"1":{"name":"(anonymous_1)","decl":{"start":{"line":29,"column":11},"end":{"line":29,"column":12}},"loc":{"start":{"line":29,"column":19},"end":{"line":32,"column":3}},"line":29},"2":{"name":"(anonymous_2)","decl":{"start":{"line":34,"column":24},"end":{"line":34,"column":25}},"loc":{"start":{"line":34,"column":37},"end":{"line":38,"column":1}},"line":34}},"branchMap":{"0":{"loc":{"start":{"line":8,"column":12},"end":{"line":8,"column":49}},"type":"binary-expr","locations":[{"start":{"line":8,"column":12},"end":{"line":8,"column":32}},{"start":{"line":8,"column":36},"end":{"line":8,"column":49}}],"line":8},"1":{"loc":{"start":{"line":13,"column":0},"end":{"line":17,"column":1}},"type":"if","locations":[{"start":{"line":13,"column":0},"end":{"line":17,"column":1}},{"start":{"line":15,"column":7},"end":{"line":17,"column":1}}],"line":13},"2":{"loc":{"start":{"line":23,"column":6},"end":{"line":26,"column":37}},"type":"binary-expr","locations":[{"start":{"line":23,"column":6},"end":{"line":23,"column":29}},{"start":{"line":24,"column":6},"end":{"line":24,"column":23}},{"start":{"line":25,"column":6},"end":{"line":25,"column":30}},{"start":{"line":26,"column":6},"end":{"line":26,"column":37}}],"line":23},"3":{"loc":{"start":{"line":35,"column":2},"end":{"line":37,"column":3}},"type":"if","locations":[{"start":{"line":35,"column":2},"end":{"line":37,"column":3}},{"start":{},"end":{}}],"line":35}},"s":{"0":4,"1":4,"2":4,"3":4,"4":4,"5":4,"6":4,"7":4,"8":4,"9":0,"10":4,"11":4,"12":44,"13":40,"14":40,"15":4,"16":40,"17":40,"18":4,"19":4,"20":4},"f":{"0":44,"1":40,"2":40},"b":{"0":[4,0],"1":[0,4],"2":[44,44,40,40],"3":[40,0]},"_coverageSchema":"1a1c01bbd47fc00a2c39e90264f33305004495a9","hash":"8c321587e6fbb1199b6e74bb33886ef6fd7d0bf0"}
,"C:\\Users\\ridza\\Music\\HACKTIV 8\\PHASE 2\\Individual Project\\Server\\IP-RMT-53-Server\\models\\inventory.js": {"path":"C:\\Users\\ridza\\Music\\HACKTIV 8\\PHASE 2\\Individual Project\\Server\\IP-RMT-53-Server\\models\\inventory.js","statementMap":{"0":{"start":{"line":2,"column":18},"end":{"line":2,"column":38}},"1":{"start":{"line":3,"column":0},"end":{"line":67,"column":2}},"2":{"start":{"line":12,"column":6},"end":{"line":15,"column":9}},"3":{"start":{"line":16,"column":6},"end":{"line":19,"column":9}},"4":{"start":{"line":22,"column":2},"end":{"line":65,"column":4}},"5":{"start":{"line":66,"column":2},"end":{"line":66,"column":19}}},"fnMap":{"0":{"name":"(anonymous_0)","decl":{"start":{"line":3,"column":17},"end":{"line":3,"column":18}},"loc":{"start":{"line":3,"column":43},"end":{"line":67,"column":1}},"line":3},"1":{"name":"(anonymous_1)","decl":{"start":{"line":10,"column":4},"end":{"line":10,"column":5}},"loc":{"start":{"line":10,"column":29},"end":{"line":20,"column":5}},"line":10}},"branchMap":{},"s":{"0":4,"1":4,"2":4,"3":4,"4":4,"5":4},"f":{"0":4,"1":4},"b":{},"_coverageSchema":"1a1c01bbd47fc00a2c39e90264f33305004495a9","hash":"139a101f4bf48797c798e3ded96d8c7692e1e553"}
,"C:\\Users\\ridza\\Music\\HACKTIV 8\\PHASE 2\\Individual Project\\Server\\IP-RMT-53-Server\\models\\item.js": {"path":"C:\\Users\\ridza\\Music\\HACKTIV 8\\PHASE 2\\Individual Project\\Server\\IP-RMT-53-Server\\models\\item.js","statementMap":{"0":{"start":{"line":2,"column":18},"end":{"line":2,"column":38}},"1":{"start":{"line":3,"column":0},"end":{"line":66,"column":2}},"2":{"start":{"line":12,"column":6},"end":{"line":15,"column":9}},"3":{"start":{"line":18,"column":2},"end":{"line":64,"column":4}},"4":{"start":{"line":65,"column":2},"end":{"line":65,"column":14}}},"fnMap":{"0":{"name":"(anonymous_0)","decl":{"start":{"line":3,"column":17},"end":{"line":3,"column":18}},"loc":{"start":{"line":3,"column":43},"end":{"line":66,"column":1}},"line":3},"1":{"name":"(anonymous_1)","decl":{"start":{"line":10,"column":4},"end":{"line":10,"column":5}},"loc":{"start":{"line":10,"column":29},"end":{"line":16,"column":5}},"line":10}},"branchMap":{},"s":{"0":4,"1":4,"2":4,"3":4,"4":4},"f":{"0":4,"1":4},"b":{},"_coverageSchema":"1a1c01bbd47fc00a2c39e90264f33305004495a9","hash":"2ec17d46645cd9aadc679f9ac99988b137474b39"}
,"C:\\Users\\ridza\\Music\\HACKTIV 8\\PHASE 2\\Individual Project\\Server\\IP-RMT-53-Server\\models\\occupation.js": {"path":"C:\\Users\\ridza\\Music\\HACKTIV 8\\PHASE 2\\Individual Project\\Server\\IP-RMT-53-Server\\models\\occupation.js","statementMap":{"0":{"start":{"line":2,"column":18},"end":{"line":2,"column":38}},"1":{"start":{"line":3,"column":0},"end":{"line":51,"column":2}},"2":{"start":{"line":12,"column":6},"end":{"line":15,"column":9}},"3":{"start":{"line":18,"column":2},"end":{"line":49,"column":4}},"4":{"start":{"line":50,"column":2},"end":{"line":50,"column":20}}},"fnMap":{"0":{"name":"(anonymous_0)","decl":{"start":{"line":3,"column":17},"end":{"line":3,"column":18}},"loc":{"start":{"line":3,"column":43},"end":{"line":51,"column":1}},"line":3},"1":{"name":"(anonymous_1)","decl":{"start":{"line":10,"column":4},"end":{"line":10,"column":5}},"loc":{"start":{"line":10,"column":29},"end":{"line":16,"column":5}},"line":10}},"branchMap":{},"s":{"0":4,"1":4,"2":4,"3":4,"4":4},"f":{"0":4,"1":4},"b":{},"_coverageSchema":"1a1c01bbd47fc00a2c39e90264f33305004495a9","hash":"4cf0c472d919f9465e4f922a262f857231986047"}
,"C:\\Users\\ridza\\Music\\HACKTIV 8\\PHASE 2\\Individual Project\\Server\\IP-RMT-53-Server\\models\\race.js": {"path":"C:\\Users\\ridza\\Music\\HACKTIV 8\\PHASE 2\\Individual Project\\Server\\IP-RMT-53-Server\\models\\race.js","statementMap":{"0":{"start":{"line":2,"column":18},"end":{"line":2,"column":38}},"1":{"start":{"line":3,"column":0},"end":{"line":51,"column":2}},"2":{"start":{"line":12,"column":6},"end":{"line":15,"column":9}},"3":{"start":{"line":18,"column":2},"end":{"line":49,"column":4}},"4":{"start":{"line":50,"column":2},"end":{"line":50,"column":14}}},"fnMap":{"0":{"name":"(anonymous_0)","decl":{"start":{"line":3,"column":17},"end":{"line":3,"column":18}},"loc":{"start":{"line":3,"column":43},"end":{"line":51,"column":1}},"line":3},"1":{"name":"(anonymous_1)","decl":{"start":{"line":10,"column":4},"end":{"line":10,"column":5}},"loc":{"start":{"line":10,"column":29},"end":{"line":16,"column":5}},"line":10}},"branchMap":{},"s":{"0":4,"1":4,"2":4,"3":4,"4":4},"f":{"0":4,"1":4},"b":{},"_coverageSchema":"1a1c01bbd47fc00a2c39e90264f33305004495a9","hash":"35defd135873d4c895214c0ea813c233e08b7439"}
,"C:\\Users\\ridza\\Music\\HACKTIV 8\\PHASE 2\\Individual Project\\Server\\IP-RMT-53-Server\\models\\skill.js": {"path":"C:\\Users\\ridza\\Music\\HACKTIV 8\\PHASE 2\\Individual Project\\Server\\IP-RMT-53-Server\\models\\skill.js","statementMap":{"0":{"start":{"line":2,"column":18},"end":{"line":2,"column":38}},"1":{"start":{"line":3,"column":0},"end":{"line":83,"column":2}},"2":{"start":{"line":14,"column":2},"end":{"line":81,"column":4}},"3":{"start":{"line":82,"column":2},"end":{"line":82,"column":15}}},"fnMap":{"0":{"name":"(anonymous_0)","decl":{"start":{"line":3,"column":17},"end":{"line":3,"column":18}},"loc":{"start":{"line":3,"column":43},"end":{"line":83,"column":1}},"line":3},"1":{"name":"(anonymous_1)","decl":{"start":{"line":10,"column":4},"end":{"line":10,"column":5}},"loc":{"start":{"line":10,"column":29},"end":{"line":12,"column":5}},"line":10}},"branchMap":{},"s":{"0":4,"1":4,"2":4,"3":4},"f":{"0":4,"1":4},"b":{},"_coverageSchema":"1a1c01bbd47fc00a2c39e90264f33305004495a9","hash":"81dd49a54355b968274cc861bf039cacaa954ef5"}
,"C:\\Users\\ridza\\Music\\HACKTIV 8\\PHASE 2\\Individual Project\\Server\\IP-RMT-53-Server\\models\\user.js": {"path":"C:\\Users\\ridza\\Music\\HACKTIV 8\\PHASE 2\\Individual Project\\Server\\IP-RMT-53-Server\\models\\user.js","statementMap":{"0":{"start":{"line":2,"column":18},"end":{"line":2,"column":38}},"1":{"start":{"line":3,"column":22},"end":{"line":3,"column":52}},"2":{"start":{"line":4,"column":0},"end":{"line":76,"column":2}},"3":{"start":{"line":13,"column":6},"end":{"line":16,"column":9}},"4":{"start":{"line":19,"column":2},"end":{"line":74,"column":4}},"5":{"start":{"line":67,"column":33},"end":{"line":67,"column":57}},"6":{"start":{"line":68,"column":10},"end":{"line":68,"column":41}},"7":{"start":{"line":75,"column":2},"end":{"line":75,"column":14}}},"fnMap":{"0":{"name":"(anonymous_0)","decl":{"start":{"line":4,"column":17},"end":{"line":4,"column":18}},"loc":{"start":{"line":4,"column":43},"end":{"line":76,"column":1}},"line":4},"1":{"name":"(anonymous_1)","decl":{"start":{"line":11,"column":4},"end":{"line":11,"column":5}},"loc":{"start":{"line":11,"column":29},"end":{"line":17,"column":5}},"line":11},"2":{"name":"(anonymous_2)","decl":{"start":{"line":66,"column":22},"end":{"line":66,"column":23}},"loc":{"start":{"line":66,"column":32},"end":{"line":69,"column":9}},"line":66}},"branchMap":{},"s":{"0":4,"1":4,"2":4,"3":4,"4":4,"5":5,"6":5,"7":4},"f":{"0":4,"1":4,"2":5},"b":{},"_coverageSchema":"1a1c01bbd47fc00a2c39e90264f33305004495a9","hash":"aaf8c62917a3649969f86fb26a8bd963bfcd12c1"}
,"C:\\Users\\ridza\\Music\\HACKTIV 8\\PHASE 2\\Individual Project\\Server\\IP-RMT-53-Server\\routes\\AdventureRouters.js": {"path":"C:\\Users\\ridza\\Music\\HACKTIV 8\\PHASE 2\\Individual Project\\Server\\IP-RMT-53-Server\\routes\\AdventureRouters.js","statementMap":{"0":{"start":{"line":1,"column":28},"end":{"line":1,"column":73}},"1":{"start":{"line":3,"column":15},"end":{"line":3,"column":42}},"2":{"start":{"line":5,"column":0},"end":{"line":5,"column":58}},"3":{"start":{"line":7,"column":0},"end":{"line":7,"column":24}}},"fnMap":{},"branchMap":{},"s":{"0":4,"1":4,"2":4,"3":4},"f":{},"b":{},"_coverageSchema":"1a1c01bbd47fc00a2c39e90264f33305004495a9","hash":"19df62efad28e86e0d1fb2ba12064172ff12c584"}
,"C:\\Users\\ridza\\Music\\HACKTIV 8\\PHASE 2\\Individual Project\\Server\\IP-RMT-53-Server\\routes\\AuthRouters.js": {"path":"C:\\Users\\ridza\\Music\\HACKTIV 8\\PHASE 2\\Individual Project\\Server\\IP-RMT-53-Server\\routes\\AuthRouters.js","statementMap":{"0":{"start":{"line":1,"column":23},"end":{"line":1,"column":63}},"1":{"start":{"line":3,"column":15},"end":{"line":3,"column":42}},"2":{"start":{"line":5,"column":0},"end":{"line":5,"column":50}},"3":{"start":{"line":6,"column":0},"end":{"line":6,"column":44}},"4":{"start":{"line":8,"column":0},"end":{"line":8,"column":24}}},"fnMap":{},"branchMap":{},"s":{"0":4,"1":4,"2":4,"3":4,"4":4},"f":{},"b":{},"_coverageSchema":"1a1c01bbd47fc00a2c39e90264f33305004495a9","hash":"07011d7eb4b9d76fa62c2a2bd9211060ecf712ec"}
,"C:\\Users\\ridza\\Music\\HACKTIV 8\\PHASE 2\\Individual Project\\Server\\IP-RMT-53-Server\\routes\\BattleRouters.js": {"path":"C:\\Users\\ridza\\Music\\HACKTIV 8\\PHASE 2\\Individual Project\\Server\\IP-RMT-53-Server\\routes\\BattleRouters.js","statementMap":{"0":{"start":{"line":1,"column":25},"end":{"line":1,"column":67}},"1":{"start":{"line":3,"column":15},"end":{"line":3,"column":42}},"2":{"start":{"line":5,"column":0},"end":{"line":5,"column":50}},"3":{"start":{"line":6,"column":0},"end":{"line":6,"column":57}},"4":{"start":{"line":7,"column":0},"end":{"line":7,"column":64}},"5":{"start":{"line":9,"column":0},"end":{"line":9,"column":24}}},"fnMap":{},"branchMap":{},"s":{"0":4,"1":4,"2":4,"3":4,"4":4,"5":4},"f":{},"b":{},"_coverageSchema":"1a1c01bbd47fc00a2c39e90264f33305004495a9","hash":"e7a398aaf7194d7c8b0fb3c584bc7c0cebee01a3"}
,"C:\\Users\\ridza\\Music\\HACKTIV 8\\PHASE 2\\Individual Project\\Server\\IP-RMT-53-Server\\routes\\CharacterRouters.js": {"path":"C:\\Users\\ridza\\Music\\HACKTIV 8\\PHASE 2\\Individual Project\\Server\\IP-RMT-53-Server\\routes\\CharacterRouters.js","statementMap":{"0":{"start":{"line":1,"column":28},"end":{"line":1,"column":73}},"1":{"start":{"line":3,"column":15},"end":{"line":3,"column":42}},"2":{"start":{"line":5,"column":0},"end":{"line":5,"column":51}},"3":{"start":{"line":6,"column":0},"end":{"line":6,"column":57}},"4":{"start":{"line":7,"column":0},"end":{"line":7,"column":54}},"5":{"start":{"line":8,"column":0},"end":{"line":8,"column":59}},"6":{"start":{"line":10,"column":0},"end":{"line":10,"column":24}}},"fnMap":{},"branchMap":{},"s":{"0":4,"1":4,"2":4,"3":4,"4":4,"5":4,"6":4},"f":{},"b":{},"_coverageSchema":"1a1c01bbd47fc00a2c39e90264f33305004495a9","hash":"7d9b0c79edc0dd40d66c6b115164ad5fba89ee81"}
,"C:\\Users\\ridza\\Music\\HACKTIV 8\\PHASE 2\\Individual Project\\Server\\IP-RMT-53-Server\\routes\\ResourceRouters.js": {"path":"C:\\Users\\ridza\\Music\\HACKTIV 8\\PHASE 2\\Individual Project\\Server\\IP-RMT-53-Server\\routes\\ResourceRouters.js","statementMap":{"0":{"start":{"line":1,"column":27},"end":{"line":1,"column":71}},"1":{"start":{"line":3,"column":15},"end":{"line":3,"column":42}},"2":{"start":{"line":5,"column":0},"end":{"line":5,"column":50}},"3":{"start":{"line":6,"column":0},"end":{"line":6,"column":61}},"4":{"start":{"line":8,"column":0},"end":{"line":8,"column":24}}},"fnMap":{},"branchMap":{},"s":{"0":4,"1":4,"2":4,"3":4,"4":4},"f":{},"b":{},"_coverageSchema":"1a1c01bbd47fc00a2c39e90264f33305004495a9","hash":"8d934d0b7c4588f2d9e4fe7c69f793394dfabbc8"}
,"C:\\Users\\ridza\\Music\\HACKTIV 8\\PHASE 2\\Individual Project\\Server\\IP-RMT-53-Server\\routes\\index.js": {"path":"C:\\Users\\ridza\\Music\\HACKTIV 8\\PHASE 2\\Individual Project\\Server\\IP-RMT-53-Server\\routes\\index.js","statementMap":{"0":{"start":{"line":1,"column":15},"end":{"line":1,"column":42}},"1":{"start":{"line":2,"column":27},"end":{"line":2,"column":67}},"2":{"start":{"line":3,"column":25},"end":{"line":3,"column":63}},"3":{"start":{"line":4,"column":20},"end":{"line":4,"column":44}},"4":{"start":{"line":5,"column":25},"end":{"line":5,"column":54}},"5":{"start":{"line":6,"column":25},"end":{"line":6,"column":54}},"6":{"start":{"line":7,"column":22},"end":{"line":7,"column":48}},"7":{"start":{"line":8,"column":24},"end":{"line":8,"column":52}},"8":{"start":{"line":10,"column":0},"end":{"line":10,"column":33}},"9":{"start":{"line":11,"column":0},"end":{"line":11,"column":27}},"10":{"start":{"line":12,"column":0},"end":{"line":12,"column":44}},"11":{"start":{"line":14,"column":0},"end":{"line":14,"column":37}},"12":{"start":{"line":15,"column":0},"end":{"line":15,"column":41}},"13":{"start":{"line":17,"column":0},"end":{"line":17,"column":25}},"14":{"start":{"line":19,"column":0},"end":{"line":19,"column":24}}},"fnMap":{},"branchMap":{},"s":{"0":4,"1":4,"2":4,"3":4,"4":4,"5":4,"6":4,"7":4,"8":4,"9":4,"10":4,"11":4,"12":4,"13":4,"14":4},"f":{},"b":{},"_coverageSchema":"1a1c01bbd47fc00a2c39e90264f33305004495a9","hash":"03cf9781cbbcacab150facf63c23d9cfd6d95e4c"}
}
