TN:
SF:app.js
FNF:0
FNH:0
DA:1,4
DA:2,4
DA:5,4
DA:6,4
DA:7,4
DA:8,4
DA:10,4
DA:16,4
DA:17,4
DA:19,4
DA:21,4
LF:11
LH:11
BRDA:1,0,0,4
BRDA:1,0,1,0
BRF:2
BRH:1
end_of_record
TN:
SF:controllers\AdventureController.js
FN:5,(anonymous_0)
FNF:1
FNH:0
FNDA:0,(anonymous_0)
DA:1,4
DA:2,4
DA:6,0
DA:7,0
DA:8,0
DA:13,0
DA:15,0
DA:23,0
DA:24,0
DA:25,0
DA:37,0
DA:39,0
DA:41,0
DA:46,4
LF:14
LH:3
BRDA:29,0,0,0
BRDA:29,0,1,0
BRF:2
BRH:0
end_of_record
TN:
SF:controllers\AuthController.js
FN:6,(anonymous_0)
FN:24,(anonymous_1)
FNF:2
FNH:2
FNDA:2,(anonymous_0)
FNDA:7,(anonymous_1)
DA:1,4
DA:2,4
DA:3,4
DA:7,2
DA:8,2
DA:9,2
DA:15,1
DA:16,1
DA:18,1
DA:20,1
DA:25,7
DA:26,7
DA:27,7
DA:28,1
DA:29,6
DA:30,1
DA:32,5
DA:34,5
DA:35,1
DA:37,4
DA:39,4
DA:41,3
DA:46,4
LF:23
LH:23
BRDA:27,0,0,1
BRDA:27,0,1,6
BRDA:29,1,0,1
BRDA:29,1,1,5
BRDA:34,2,0,1
BRDA:34,2,1,4
BRDA:34,3,0,5
BRDA:34,3,1,5
BRF:8
BRH:8
end_of_record
TN:
SF:controllers\BattleController.js
FN:4,(anonymous_0)
FN:24,(anonymous_1)
FN:40,(anonymous_2)
FNF:3
FNH:3
FNDA:2,(anonymous_0)
FNDA:2,(anonymous_1)
FNDA:2,(anonymous_2)
DA:1,4
DA:2,4
DA:5,2
DA:6,2
DA:7,2
DA:9,2
DA:18,1
DA:20,1
DA:25,2
DA:26,2
DA:28,2
DA:29,1
DA:34,1
DA:36,1
DA:41,2
DA:42,2
DA:43,2
DA:45,2
DA:46,1
DA:51,1
DA:55,1
DA:57,1
DA:62,4
LF:23
LH:23
BRDA:28,0,0,1
BRDA:28,0,1,1
BRDA:45,1,0,1
BRDA:45,1,1,1
BRF:4
BRH:4
end_of_record
TN:
SF:controllers\CharacterController.js
FN:6,(anonymous_0)
FN:16,(anonymous_1)
FN:30,(anonymous_2)
FN:57,(anonymous_3)
FNF:4
FNH:4
FNDA:1,(anonymous_0)
FNDA:1,(anonymous_1)
FNDA:2,(anonymous_2)
FNDA:2,(anonymous_3)
DA:1,4
DA:2,4
DA:3,4
DA:7,1
DA:8,1
DA:10,1
DA:12,0
DA:17,1
DA:18,1
DA:24,1
DA:26,0
DA:31,2
DA:32,2
DA:33,2
DA:34,2
DA:35,2
DA:40,2
DA:42,2
DA:51,1
DA:53,1
DA:58,2
DA:59,2
DA:60,2
DA:61,1
DA:66,1
DA:68,1
DA:73,1
DA:78,4
LF:28
LH:26
BRDA:60,0,0,1
BRDA:60,0,1,1
BRF:2
BRH:2
end_of_record
TN:
SF:controllers\ResourceController.js
FN:4,(anonymous_0)
FN:14,(anonymous_1)
FNF:2
FNH:2
FNDA:2,(anonymous_0)
FNDA:2,(anonymous_1)
DA:1,4
DA:5,2
DA:6,2
DA:8,2
DA:10,0
DA:15,2
DA:16,2
DA:18,2
DA:20,0
DA:25,4
LF:10
LH:8
BRF:0
BRH:0
end_of_record
TN:
SF:helpers\axios.js
FNF:0
FNH:0
DA:1,4
DA:3,4
LF:2
LH:2
BRF:0
BRH:0
end_of_record
TN:
SF:helpers\backstoryGenerator.js
FN:3,generateBackstory
FNF:1
FNH:1
FNDA:2,generateBackstory
DA:1,4
DA:5,2
DA:6,2
DA:8,2
DA:10,2
DA:12,2
DA:15,4
LF:7
LH:7
BRF:0
BRH:0
end_of_record
TN:
SF:helpers\bcryptjs.js
FN:3,(anonymous_0)
FN:7,(anonymous_1)
FNF:2
FNH:2
FNDA:5,(anonymous_0)
FNDA:5,(anonymous_1)
DA:1,4
DA:3,4
DA:4,5
DA:7,4
DA:8,5
LF:5
LH:5
BRF:0
BRH:0
end_of_record
TN:
SF:helpers\enemyAssigner.js
FN:3,(anonymous_0)
FNF:1
FNH:0
FNDA:0,(anonymous_0)
DA:1,4
DA:3,4
DA:4,0
DA:5,0
DA:11,0
DA:17,0
DA:18,0
DA:19,0
DA:20,0
DA:21,0
DA:24,0
DA:25,0
DA:26,0
DA:29,0
DA:31,0
DA:35,4
LF:16
LH:3
BRF:0
BRH:0
end_of_record
TN:
SF:helpers\jwt.js
FN:4,(anonymous_0)
FN:8,(anonymous_1)
FNF:2
FNH:2
FNDA:4,(anonymous_0)
FNDA:16,(anonymous_1)
DA:1,4
DA:2,4
DA:4,4
DA:5,4
DA:8,4
DA:9,16
LF:6
LH:6
BRF:0
BRH:0
end_of_record
TN:
SF:helpers\mobAssigner.js
FN:3,(anonymous_0)
FNF:1
FNH:1
FNDA:2,(anonymous_0)
DA:1,4
DA:3,4
DA:4,2
DA:5,2
DA:11,2
DA:12,2
DA:13,2
DA:14,2
DA:17,2
DA:19,0
DA:23,4
LF:11
LH:10
BRF:0
BRH:0
end_of_record
TN:
SF:helpers\skillAssigner.js
FN:6,assignRandomSkills
FNF:1
FNH:1
FNDA:2,assignRandomSkills
DA:1,4
DA:2,4
DA:3,4
DA:7,2
DA:9,2
DA:21,2
DA:22,2
DA:23,4
DA:24,4
DA:26,4
DA:29,2
DA:31,0
DA:32,0
DA:36,4
LF:14
LH:12
BRF:0
BRH:0
end_of_record
TN:
SF:middlewares\authentication.js
FN:4,(anonymous_0)
FNF:1
FNH:1
FNDA:16,(anonymous_0)
DA:1,4
DA:2,4
DA:4,4
DA:5,16
DA:7,16
DA:10,16
DA:13,16
DA:16,16
DA:19,16
DA:20,16
DA:21,16
DA:24,16
DA:26,16
DA:28,0
LF:14
LH:13
BRDA:10,0,0,0
BRDA:10,0,1,16
BRDA:16,1,0,0
BRDA:16,1,1,16
BRDA:21,2,0,0
BRDA:21,2,1,16
BRF:6
BRH:3
end_of_record
TN:
SF:middlewares\errorHandler.js
FN:1,(anonymous_0)
FNF:1
FNH:1
FNDA:9,(anonymous_0)
DA:1,4
DA:2,9
DA:3,9
DA:5,9
DA:6,2
DA:12,7
DA:13,0
DA:19,7
DA:23,3
DA:29,4
DA:30,0
DA:36,4
DA:37,1
DA:43,3
DA:44,0
DA:50,3
DA:51,3
DA:57,0
LF:18
LH:14
BRDA:2,0,0,9
BRDA:2,0,1,9
BRDA:3,1,0,9
BRDA:3,1,1,1
BRDA:5,2,0,2
BRDA:5,2,1,7
BRDA:12,3,0,0
BRDA:12,3,1,7
BRDA:19,4,0,3
BRDA:19,4,1,4
BRDA:20,5,0,7
BRDA:20,5,1,4
BRDA:29,6,0,0
BRDA:29,6,1,4
BRDA:29,7,0,4
BRDA:29,7,1,4
BRDA:36,8,0,1
BRDA:36,8,1,3
BRDA:43,9,0,0
BRDA:43,9,1,3
BRDA:50,10,0,3
BRDA:50,10,1,0
BRF:22
BRH:18
end_of_record
TN:
SF:models\adventure.js
FN:3,(anonymous_0)
FN:10,(anonymous_1)
FNF:2
FNH:2
FNDA:4,(anonymous_0)
FNDA:4,(anonymous_1)
DA:2,4
DA:3,4
DA:12,4
DA:22,4
DA:84,4
LF:5
LH:5
BRF:0
BRH:0
end_of_record
TN:
SF:models\battle.js
FN:3,(anonymous_0)
FN:10,(anonymous_1)
FNF:2
FNH:2
FNDA:4,(anonymous_0)
FNDA:4,(anonymous_1)
DA:2,4
DA:3,4
DA:13,4
DA:17,4
DA:23,4
DA:103,4
LF:6
LH:6
BRF:0
BRH:0
end_of_record
TN:
SF:models\character.js
FN:3,(anonymous_0)
FN:10,(anonymous_1)
FNF:2
FNH:2
FNDA:4,(anonymous_0)
FNDA:4,(anonymous_1)
DA:2,4
DA:3,4
DA:12,4
DA:16,4
DA:20,4
DA:24,4
DA:28,4
DA:32,4
DA:38,4
DA:108,4
LF:10
LH:10
BRF:0
BRH:0
end_of_record
TN:
SF:models\enemy.js
FN:3,(anonymous_0)
FN:10,(anonymous_1)
FNF:2
FNH:2
FNDA:4,(anonymous_0)
FNDA:4,(anonymous_1)
DA:2,4
DA:3,4
DA:12,4
DA:18,4
DA:62,4
LF:5
LH:5
BRF:0
BRH:0
end_of_record
TN:
SF:models\index.js
FN:21,(anonymous_0)
FN:29,(anonymous_1)
FN:34,(anonymous_2)
FNF:3
FNH:3
FNDA:44,(anonymous_0)
FNDA:40,(anonymous_1)
FNDA:40,(anonymous_2)
DA:3,4
DA:4,4
DA:5,4
DA:6,4
DA:7,4
DA:8,4
DA:9,4
DA:10,4
DA:13,4
DA:14,0
DA:16,4
DA:19,4
DA:22,44
DA:30,40
DA:31,40
DA:34,4
DA:35,40
DA:36,40
DA:40,4
DA:41,4
DA:43,4
LF:21
LH:20
BRDA:8,0,0,4
BRDA:8,0,1,0
BRDA:13,1,0,0
BRDA:13,1,1,4
BRDA:23,2,0,44
BRDA:23,2,1,44
BRDA:23,2,2,40
BRDA:23,2,3,40
BRDA:35,3,0,40
BRDA:35,3,1,0
BRF:10
BRH:7
end_of_record
TN:
SF:models\inventory.js
FN:3,(anonymous_0)
FN:10,(anonymous_1)
FNF:2
FNH:2
FNDA:4,(anonymous_0)
FNDA:4,(anonymous_1)
DA:2,4
DA:3,4
DA:12,4
DA:16,4
DA:22,4
DA:66,4
LF:6
LH:6
BRF:0
BRH:0
end_of_record
TN:
SF:models\item.js
FN:3,(anonymous_0)
FN:10,(anonymous_1)
FNF:2
FNH:2
FNDA:4,(anonymous_0)
FNDA:4,(anonymous_1)
DA:2,4
DA:3,4
DA:12,4
DA:18,4
DA:65,4
LF:5
LH:5
BRF:0
BRH:0
end_of_record
TN:
SF:models\occupation.js
FN:3,(anonymous_0)
FN:10,(anonymous_1)
FNF:2
FNH:2
FNDA:4,(anonymous_0)
FNDA:4,(anonymous_1)
DA:2,4
DA:3,4
DA:12,4
DA:18,4
DA:50,4
LF:5
LH:5
BRF:0
BRH:0
end_of_record
TN:
SF:models\race.js
FN:3,(anonymous_0)
FN:10,(anonymous_1)
FNF:2
FNH:2
FNDA:4,(anonymous_0)
FNDA:4,(anonymous_1)
DA:2,4
DA:3,4
DA:12,4
DA:18,4
DA:50,4
LF:5
LH:5
BRF:0
BRH:0
end_of_record
TN:
SF:models\skill.js
FN:3,(anonymous_0)
FN:10,(anonymous_1)
FNF:2
FNH:2
FNDA:4,(anonymous_0)
FNDA:4,(anonymous_1)
DA:2,4
DA:3,4
DA:14,4
DA:82,4
LF:4
LH:4
BRF:0
BRH:0
end_of_record
TN:
SF:models\user.js
FN:4,(anonymous_0)
FN:11,(anonymous_1)
FN:66,(anonymous_2)
FNF:3
FNH:3
FNDA:4,(anonymous_0)
FNDA:4,(anonymous_1)
FNDA:5,(anonymous_2)
DA:2,4
DA:3,4
DA:4,4
DA:13,4
DA:19,4
DA:67,5
DA:68,5
DA:75,4
LF:8
LH:8
BRF:0
BRH:0
end_of_record
TN:
SF:routes\AdventureRouters.js
FNF:0
FNH:0
DA:1,4
DA:3,4
DA:5,4
DA:7,4
LF:4
LH:4
BRF:0
BRH:0
end_of_record
TN:
SF:routes\AuthRouters.js
FNF:0
FNH:0
DA:1,4
DA:3,4
DA:5,4
DA:6,4
DA:8,4
LF:5
LH:5
BRF:0
BRH:0
end_of_record
TN:
SF:routes\BattleRouters.js
FNF:0
FNH:0
DA:1,4
DA:3,4
DA:5,4
DA:6,4
DA:7,4
DA:9,4
LF:6
LH:6
BRF:0
BRH:0
end_of_record
TN:
SF:routes\CharacterRouters.js
FNF:0
FNH:0
DA:1,4
DA:3,4
DA:5,4
DA:6,4
DA:7,4
DA:8,4
DA:10,4
LF:7
LH:7
BRF:0
BRH:0
end_of_record
TN:
SF:routes\ResourceRouters.js
FNF:0
FNH:0
DA:1,4
DA:3,4
DA:5,4
DA:6,4
DA:8,4
LF:5
LH:5
BRF:0
BRH:0
end_of_record
TN:
SF:routes\index.js
FNF:0
FNH:0
DA:1,4
DA:2,4
DA:3,4
DA:4,4
DA:5,4
DA:6,4
DA:7,4
DA:8,4
DA:10,4
DA:11,4
DA:12,4
DA:14,4
DA:15,4
DA:17,4
DA:19,4
LF:15
LH:15
BRF:0
BRH:0
end_of_record
